<?xml version="1.0" encoding="UTF-8"?>
<!-- Generated by org.testng.reporters.JUnitReportReporter -->
<testsuite hostname="Manjulas-MacBook-Pro.local" name="com.arrays.test.TestFibonaci" tests="1" failures="0" timestamp="26 Nov 2015 19:15:21 GMT" time="0.000" errors="1">
  <testcase name="parameterTest" time="0.000" classname="com.arrays.test.TestFibonaci">
    <error type="org.testng.TestNGException" message="
Parameter &#039;myNum&#039; is required by @Test on method parameterTest but has not been marked @Optional or defined
in /private/var/folders/zn/7wppqc450h3bk6nplhl6k28c0000gn/T/testng-eclipse--824797170/testng-customsuite.xml">
      <![CDATA[org.testng.TestNGException: 
Parameter 'myNum' is required by @Test on method parameterTest but has not been marked @Optional or defined
in /private/var/folders/zn/7wppqc450h3bk6nplhl6k28c0000gn/T/testng-eclipse--824797170/testng-customsuite.xml
	at org.testng.internal.Parameters.createParameters(Parameters.java:154)
	at org.testng.internal.Parameters.createParameters(Parameters.java:361)
	at org.testng.internal.Parameters.handleParameters(Parameters.java:451)
	at org.testng.internal.Invoker.handleParameters(Invoker.java:1270)
	at org.testng.internal.Invoker.createParameters(Invoker.java:985)
	at org.testng.internal.Invoker.invokeTestMethods(Invoker.java:1075)
	at org.testng.internal.TestMethodWorker.invokeTestMethods(TestMethodWorker.java:125)
	at org.testng.internal.TestMethodWorker.run(TestMethodWorker.java:108)
	at org.testng.TestRunner.privateRun(TestRunner.java:774)
	at org.testng.TestRunner.run(TestRunner.java:624)
	at org.testng.SuiteRunner.runTest(SuiteRunner.java:359)
	at org.testng.SuiteRunner.runSequentially(SuiteRunner.java:354)
	at org.testng.SuiteRunner.privateRun(SuiteRunner.java:312)
	at org.testng.SuiteRunner.run(SuiteRunner.java:261)
	at org.testng.SuiteRunnerWorker.runSuite(SuiteRunnerWorker.java:52)
	at org.testng.SuiteRunnerWorker.run(SuiteRunnerWorker.java:86)
	at org.testng.TestNG.runSuitesSequentially(TestNG.java:1215)
	at org.testng.TestNG.runSuitesLocally(TestNG.java:1140)
	at org.testng.TestNG.run(TestNG.java:1048)
	at org.testng.remote.RemoteTestNG.run(RemoteTestNG.java:112)
	at org.testng.remote.RemoteTestNG.initAndRun(RemoteTestNG.java:205)
	at org.testng.remote.RemoteTestNG.main(RemoteTestNG.java:176)
]]>
    </error>
  </testcase> <!-- parameterTest -->
</testsuite> <!-- com.arrays.test.TestFibonaci -->
